330.000000
332.809918
335.262007
337.185135
338.815825
340.739125
339.204964
339.827920
342.024523
340.822071
340.346676
340.024301
339.597585
339.052696
338.511954
338.149365
338.142082
338.640013
339.735127
339.248371
339.461387
340.227299
339.782634
339.700395
339.944996
340.525947
340.136097
340.105703
340.339995
340.713038
341.101872
341.404560
341.547119
341.491504
341.245692
340.865167
340.436027
340.043024
339.737854
339.527018
339.394643
339.330233
339.342721
339.458968
339.697914
340.050950
339.837100
339.701890
339.620392
339.560423
339.480211
339.335049
339.090608
338.733543
338.274521
337.744185
337.182982
336.627688
336.101160
335.610350
335.151197
334.714972
334.292616
333.877824
333.470851
333.081999
332.730136
332.433311
332.195821
332.001240
331.817421
331.610742
331.360810
331.068026
330.752079
330.443499
330.172613
329.960679
329.815909
329.734468
329.705402
329.717880
329.767927
329.861012
330.008285
330.217438
330.483125
330.783356
331.084723
331.353650
331.567701
331.721743
331.827004
331.904726
331.978155
332.066154
332.179436
332.319227
332.478779
332.648265
332.821507
333.000688
333.195308
333.414869
333.659140
333.624620
333.580608
333.505023
333.383546
333.215181
333.009915
332.782386
332.546885
332.315192
332.095441
331.890526
331.696787
331.505096
331.305116
331.090991
330.865474
330.639930
330.429519
330.245571
330.089327
329.950707
329.812517
329.657413
329.474400
329.262789
329.268417
329.264060
329.261292
329.269068
329.291744
329.329709
329.381237
329.444491
329.519233
329.607841
329.715148
329.846538
330.004658
330.186330
330.381721
330.576827
330.758164
330.917208
331.052605
331.169552
331.276801
331.382476
331.490666
331.600601
331.708628
331.811365
331.908039
332.001401
332.097849
332.207015
332.339817
332.504315
332.488951
332.502676
332.537902
332.583979
332.630256
332.667843
332.690594
332.696032
332.685950
332.665891
332.643382
332.625560
332.617109
332.619257
332.630270
332.647260
332.668407
332.694278
332.727598
332.772046
332.831285
332.908632
333.006428
333.124093
333.255822
333.390546
333.515368
333.620451
333.702194
333.763158
333.809326
333.846303
333.876136
333.896218
333.900816
333.884343
333.844440
333.783362
333.707644
333.626684
333.550231
333.484937
333.431464
333.383933
333.332013
333.264667
333.174504
333.061360
332.933028
332.801935
332.679391
332.571027
332.475824
332.388333
332.302026
332.211817
332.115242
332.012773
331.907360
331.803085
331.703452
331.610253
331.523415
331.441475
331.362030
331.282102
331.198774
331.110188
331.016307
330.918953
330.821295
330.727196
330.640456
330.563776
330.497641
330.439835
330.386074
330.331438
330.271935
330.205653
330.133166
330.057039
329.980591
329.906440
329.835359
329.765790
329.694405
329.617834
329.534872
329.447696
329.361120
329.280437
329.209434
329.149780
329.101462
329.062933
329.030584
328.998822
328.962060
328.917875
328.868783
328.820782
328.779479
328.746539
328.718691
328.689536
328.652743
328.604694
328.545320
328.477259
328.404549
328.331872
328.264154
328.205486
328.157092
328.115685
328.074077
328.024534
327.963165
327.892473
327.820123
327.754585
327.700630
327.657355
327.619264
327.579085
327.530708
327.471300
327.402183
327.328270
327.256228
327.192137
327.139464
327.097747
327.062411
327.026195
326.981989
326.925907
326.858971
326.786329
326.714356
326.647513
326.587114
326.532341
326.481991
326.435454
326.392802
326.354687
326.322475
326.298188
326.283752
326.279689
326.284401
326.294994
326.309073
326.325762
326.345127
326.366953
326.390192
326.413141
326.433837
326.450581
326.462641
326.470609
326.475930
326.479890
326.482916
326.484629
326.484395
326.481930
326.477836
326.473947
326.473023
326.477541
326.488150
326.502942
326.518120
326.529726
326.535394
326.535128
326.530713
326.524331
326.517363
326.509969
326.501391
326.490573
326.476646
326.459278
326.439104
326.418266
326.400511
326.390332
326.391313
326.404421
326.427076
326.453628
326.477469
326.494042
326.502999
326.507894
326.513651
326.523734
326.538722
326.556442
326.572863
326.583358
326.584346
326.575021
326.558271
326.540031
326.527158
326.524735
326.533900
326.550962
326.568314
326.577220
326.571710
326.551617
326.522582
326.492846
326.469082
326.453820
326.445116
326.437729
326.425281
326.402990
326.369932
326.329562
326.288270
326.252958
326.228693
326.217013
326.215188
326.216846
326.214270
326.201617
326.177254
326.143775
326.106222
326.070085
326.039769
326.017371
326.001888
325.989555
325.975580
325.956494
325.931895
325.904833
325.880832
325.865918
325.864326
325.876795
325.900370
325.929978
325.960810
325.989922
326.016428
326.041063
326.065822
326.093256
326.125052
326.160635
326.197013
326.230079
326.256327
326.274016
326.283710
326.288379
326.292791
326.302063
326.319840
326.346922
326.380882
326.416906
326.449652
326.475329
326.493094
326.505244
326.516027
326.529438
326.547092
326.567473
326.586884
326.601289
326.607971
326.606485
326.598728
326.588124
326.578157
326.570808
326.565411
326.558572
326.545667
326.523421
326.491929
326.454910
326.418259
326.387634
326.365981
326.352118
326.341210
326.326975
326.304395
326.271699
326.230994
326.187611
326.148476
326.119704
326.103929
326.098685
326.097435
326.093072
326.081488
326.062814
326.040427
326.019315
326.004424
325.998896
326.002617
326.011990
326.021378
326.025636
326.022434
326.013255
326.002710
325.996497
325.998787
326.010210
326.027687
326.046420
326.062761
326.075944
326.087750
326.100993
326.118180
326.140719
326.168433
326.199358
326.230197
326.257456
326.278767
326.293775
326.304316
326.313925
326.326593
326.344760
326.367482
326.390435
326.408330
326.418184
326.421077
326.421348
326.424390
326.434716
326.454863
326.484815
326.521854
326.561139
326.597180
326.625882
326.646296
326.661099
326.675305
326.693638
326.717840
326.745458
326.770897
326.788188
326.794079
326.789867
326.780957
326.774462
326.776365
326.789689
326.814098
326.846615
326.882903
326.918619
326.950533
326.977267
326.999603
327.020226
327.042804
327.070491
327.104352
327.142558
327.181058
327.215634
327.244276
327.268260
327.291079
327.316239
327.345739
327.379910
327.417986
327.458599
327.499968
327.540047
327.576931
327.609489
327.637882
327.663525
327.688215
327.712821
327.736378
327.756242
327.769305
327.773746
327.770398
327.762762
327.755464
327.752329
327.755416
327.765092
327.780311
327.798762
327.817297
327.832948
327.844308
327.852522
327.860997
327.873605
327.892439
327.916672
327.943178
327.968134
327.988539
328.003198
328.013263
328.022006
328.033507
328.050916
328.075265
328.105143
328.137169
328.167219
328.192136
328.211225
328.226616
328.241986
328.260252
328.281826
328.304585
328.325142
328.340126
328.346802
328.343492
328.330375
328.310200
328.287707
328.267562
328.252172
328.240814
328.230375
328.217110
328.198607
328.175135
328.149641
328.126187
328.107713
328.094694
328.085478
328.077598
328.068876
328.057826
328.043782
328.027309
328.010645
327.997191
327.989760
327.988895
327.992786
327.998721
328.004753
328.010547
328.017228
328.026588
328.040033
328.057701
328.078310
328.099855
328.120554
328.139216
328.154949
328.166897
328.174682
328.179138
328.182284
328.186153
328.191554
328.198019
328.204779
328.211570
328.218507
328.225442
328.231691
328.236497
328.239731
328.242193
328.245360
328.250769
328.259213
328.270089
328.281381
328.290487
328.295485
328.296064
328.293529
328.290107
328.288251
328.290183
328.297263
328.309137
328.323391
328.336433
328.345361
328.349674
328.351556
328.354448
328.361007
328.371857
328.385627
328.399744
328.411312
328.417886
328.418060
328.411810
328.400558
328.386927
328.373977
328.363931
328.357104
328.351857
328.345690
328.336721
328.324568
328.310182
328.295106
328.280946
328.269126
328.260383
328.254002
328.247506
328.237441
328.220939
328.197052
328.167070
328.133733
328.099809
328.066808
328.034643
328.002393
327.969352
327.935486
327.901203
327.867052
327.833749
327.802348
327.774197
327.750420
327.731138
327.715049
327.699962
327.684061
327.666968
327.649851
327.634603
327.622681
327.614371
327.608930
327.605330
327.602833
327.601134
327.600449
327.601680
327.606219
327.615262
327.629161
327.647158
327.667482
327.687656
327.705065
327.717771
327.725150
327.727769
327.726673
327.722812
327.717026
327.710277
327.703545
327.697360
327.691521
327.685358
327.678281
327.670192
327.661642
327.653789
327.648113
327.645852
327.647373
327.651942
327.658158
327.664687
327.670672
327.675702
327.679838
327.683890
327.689433
327.698045
327.710308
327.725517
327.742322
327.759666
327.777276
327.795491
327.814721
327.835043
327.856262
327.878212
327.900861
327.924087
327.947449
327.970184
327.991377
328.010269
328.026605
328.040716
328.053106
328.063872
328.072520
328.078344
328.081041
328.081084
328.079540
328.077436
328.075178
328.072484
328.068749
328.063438
328.056263
328.047210
328.036549
328.024785
328.012449
327.999852
327.987001
327.973654
327.959335
327.943377
327.925242
327.905114
327.884284
327.864912
327.849208
327.838569
327.833168
327.832123
327.834012
327.837448
327.841417
327.845356
327.849145
327.853133
327.858012
327.864319
327.871840
327.879466
327.885732
327.889643
327.891264
327.891728
327.892676
327.895441
327.900362
327.906544
327.912216
327.915576
327.915652
327.912581
327.907101
327.899795
327.890805
327.880111
327.867789
327.853879
327.838094
327.819824
327.798540
327.774302
327.747995
327.721091
327.695049
327.670689
327.647905
327.625907
327.603870
327.581561
327.559493
327.538534
327.519392
327.502479
327.488144
327.476760
327.468340
327.462019
327.456090
327.448739
327.438962
327.426999
327.414089
327.401794
327.391368
327.383489
327.378342
327.375806
327.375433
327.376279
327.377040
327.376694
327.375255
327.373981
327.374712
327.378697
327.385708
327.394040
327.401341
327.405658
327.406057
327.402688
327.396587
327.389492
327.383505
327.380431
327.381008
327.384544
327.389241
327.393094
327.394878
327.394664
327.393643
327.393560
327.396059
327.402152
327.411839
327.423913
327.436069
327.445514
327.450081
327.449385
327.445246
327.440925
327.439466
327.442203
327.448437
327.456349
327.464310
327.471632
327.478516
327.485602
327.493652
327.503515
327.516092
327.531899
327.550339
327.569388
327.586191
327.598315
327.604838
327.606595
327.605499
327.603442
327.601470
327.599645
327.597464
327.594395
327.590151
327.584653
327.577959
327.570432
327.563055
327.557395
327.554915
327.556035
327.559728
327.564010
327.566879
327.567000
327.563853
327.557592
327.548910
327.538937
327.529028
327.520429
327.513864
327.509253
327.505794
327.502478
327.498771
327.495064
327.492657
327.493222
327.498007
327.507140
327.519387
327.532423
327.543537
327.550665
327.553389
327.553261
327.553035
327.555217
327.560840
327.569106
327.577908
327.584881
327.588418
327.588189
327.585061
327.580721
327.577221
327.576449
327.579509
327.586238
327.595135
327.603874
327.610325
327.613652
327.614820
327.616105
327.619825
327.627178
327.637909
327.650850
327.664697
327.678412
327.691297
327.703178
327.714790
327.727996
327.745267
327.768390
327.797277
327.799469
327.802364
327.803701
327.802321
327.798505
327.793458
327.788352
327.783672
327.779310
327.775039
327.770702
327.765942
327.759922
327.751584
327.740416
327.727107
327.713404
327.701146
327.691170
327.682883
327.674711
327.665070
327.653256
327.639776
327.625999
327.613464
327.603384
327.596444
327.592685
327.591284
327.590446
327.587874
327.581843
327.572218
327.560720
327.550264
327.543703
327.542586
327.546501
327.553346
327.560321
327.565096
327.566577
327.565077
327.562029
327.559483
327.559412
327.562809
327.568935
327.575329
327.578838
327.577150
327.569936
327.559012
327.547447
327.538133
327.532549
327.530354
327.529898
327.529217
327.526926
327.522698
327.517359
327.512724
327.511109
327.514356
327.522674
327.534069
327.544950
327.551736
327.552582
327.548166
327.541169
327.534831
327.531533
327.532080
327.535840
327.541310
327.546703
327.550437
327.551644
327.550627
327.548961
327.548921
327.552329
327.559445
327.568610
327.576974
327.581980
327.582689
327.580083
327.576221
327.572945
327.571080
327.570483
327.570603
327.571023
327.571676
327.572768
327.574644
327.577727
327.582473
327.589155
327.597523
327.606577
327.614769
327.620701
327.623972
327.625540
327.627166
327.630268
327.635090
327.640683
327.645538
327.648380
327.648726
327.647082
327.644765
327.643449
327.644522
327.648467
327.654573
327.661198
327.666508
327.669311
327.669620
327.668637
327.668144
327.669623
327.673624
327.679678
327.686652
327.693285
327.698634
327.702307
327.704550
327.706184
327.708360
327.712042
327.717391
327.723419
327.728339
327.730601
327.729954
327.727712
327.725957
327.726261
327.728881
327.732852
327.736672
327.739044
327.739317
327.737542
327.734260
327.730244
327.726251
327.722837
327.720219
327.718159
327.715986
327.712962
327.708947
327.704786
327.701871
327.701129
327.702281
327.704041
327.705012
327.704568
327.703093
327.701589
327.701119
327.702406
327.705584
327.710111
327.714915
327.718740
327.720535
327.719778
327.716732
327.712508
327.708717
327.706737
327.707092
327.709297
327.712107
327.713955
327.713469
327.709989
327.703896
327.696501
327.689407
327.683593
327.678785
327.673636
327.666648
327.657174
327.645850
327.634306
327.624450
327.617707
327.614585
327.614744
327.617432
327.621936
327.627727
327.634374
327.641484
327.648853
327.656620
327.665116
327.674390
327.683821
327.692255
327.698624
327.702565
327.704586
327.705712
327.706892
327.708490
327.710140
327.710941
327.709858
327.706153
327.699703
327.691072
327.681273
327.671393
327.662268
327.654195
327.646672
327.638420
327.627906
327.614165
327.597374
327.578838
327.560386
327.543541
327.528917
327.516074
327.503814
327.490720
327.475765
327.458791
327.440693
327.423209
327.408384
327.397900
327.392491
327.391675
327.393979
327.397669
327.401570
327.405523
327.410259
327.416899
327.426374
327.438991
327.454287
327.471265
327.488886
327.506505
327.524056
327.542051
327.561418
327.583261
327.608462
327.610342
327.614663
327.619888
327.624251
327.626791
327.627792
327.628423
327.629922
327.632867
327.636892
327.640921
327.643695
327.644323
327.642563
327.638752
327.633516
327.627481
327.621154
327.614909
327.608933
327.603162
327.597374
327.591508
327.585919
327.581295
327.578263
327.576979
327.576938
327.577144
327.576541
327.574478
327.570913
327.566299
327.561328
327.556650
327.552653
327.549360
327.546384
327.542972
327.538308
327.532145
327.525322
327.519525
327.516377
327.516568
327.519598
327.524093
327.528340
327.530822
327.530670
327.527954
327.523655
327.519202
327.515750
327.513628
327.512265
327.510559
327.507365
327.501923
327.494176
327.484895
327.475412
327.466981
327.460127
327.454410
327.448724
327.441885
327.433181
327.422637
327.410959
327.399142
327.387889
327.377123
327.365887
327.352734
327.336446
327.316675
327.318665
327.318908
327.318401
327.317862
327.317509
327.317181
327.316631
327.315697
327.314292
327.312477
327.310694
327.309924
327.311503
327.316625
327.325805
327.338550
327.353405
327.368403
327.381801
327.392814
327.401954
327.410775
327.421129
327.434299
327.450452
327.468601
327.487038
327.504050
327.518646
327.530937
327.541989
327.553347
327.566518
327.582436
327.601037
327.621122
327.640621
327.657301
327.669729
327.677952
327.683386
327.687933
327.693013
327.699087
327.705733
327.711986
327.716743
327.719202
327.719242
327.717604
327.715747
327.715337
327.717560
327.722517
327.729012
327.734903
327.738016
327.737251
327.733234
327.727969
327.723594
327.721081
327.719815
327.718201
327.714685
327.708447
327.699546
327.688732
327.677208
327.666417
327.657756
327.652151
327.649599
327.648984
327.648442
327.646288
327.641987
327.636485
327.631619
327.629067
327.629507
327.632395
327.636282
327.639434
327.640496
327.639050
327.635891
327.632820
327.631931
327.634722
327.641492
327.651260
327.662186
327.672332
327.680481
327.686621
327.691801
327.697445
327.704600
327.713527
327.723731
327.734201
327.743687
327.751008
327.755404
327.756831
327.756041
327.754322
327.752962
327.752698
327.753484
327.754736
327.755859
327.756666
327.757433
327.758599
327.760385
327.762638
327.765013
327.767379
327.770094
327.773886
327.779414
327.786917
327.796169
327.806622
327.817537
327.828081
327.837501
327.845405
327.852061
327.858465
327.865996
327.875790
327.888144
327.902248
327.916380
327.928552
327.937407
327.942915
327.946365
327.949630
327.954247
327.960891
327.969332
327.978603
327.987275
327.993909
327.997590
327.998319
327.997060
327.995391
327.994901
327.996552
328.000240
328.004789
328.008463
328.009859
328.008734
328.006169
328.003940
328.003563
328.005688
328.010055
328.015782
328.021725
328.026830
328.030456
328.032622
328.034032
328.035792
328.038885
328.043643
328.049503
328.055170
328.059160
328.060554
328.059599
328.057670
328.056516
328.057382
328.060626
328.065891
328.072427
328.079380
328.086018
328.091903
328.097052
328.101993
328.107581
328.114525
328.122864
328.131743
328.139693
328.145279
328.147811
328.147702
328.146260
328.145043
328.145188
328.147101
328.150572
328.155083
328.160022
328.164765
328.168798
328.171963
328.174637
328.177558
328.181300
328.185814
328.190424
328.194191
328.196313
328.196310
328.193976
328.189279
328.182378
328.173791
328.164494
328.155753
328.148701
328.143846
328.140815
328.138577
328.136090
328.132914
328.129365
328.126175
328.124025
328.123307
328.124173
328.126652
328.130636
328.135710
328.141001
328.145336
328.147843
328.148642
328.148951
328.150400
328.154026
328.159729
328.166546
328.173430
328.179910
328.186175
328.192664
328.199618
328.206906
328.214167
328.221099
328.227671
328.234046
328.240271
328.246000
328.250559
328.253322
328.254139
328.253459
328.252042
328.250431
328.248631
328.246329
328.243415
328.240240
328.237329
328.234823
328.232192
328.228509
328.223018
328.215562
328.206625
328.197105
328.187998
328.180013
328.173216
328.166935
328.160030
328.151322
328.139970
328.125784
328.109496
328.092738
328.077496
328.065222
328.056176
328.049397
328.043255
328.036211
328.027439
328.017104
328.006254
327.996310
327.988397
327.982868
327.979299
327.976801
327.974338
327.970962
327.966077
327.959711
327.952579
327.945836
327.940635
327.937719
327.937138
327.938242
327.939977
327.941377
327.941956
327.941815
327.941432
327.941283
327.941529
327.941878
327.941669
327.940141
327.936803
327.931687
327.925249
327.918007
327.910210
327.901809
327.892643
327.882614
327.871727
327.860065
327.847744
327.834958
327.822085
327.809744
327.798602
327.788939
327.780276
327.771430
327.761081
327.748485
327.733843
327.718075
327.702229
327.686947
327.672346
327.658265
327.644548
327.631110
327.617783
327.604262
327.590283
327.575960
327.561939
327.549151
327.538230
327.529063
327.520814
327.512417
327.503225
327.493371
327.483628
327.474835
327.467271
327.460428
327.453368
327.445397
327.436526
327.427386
327.418743
327.411119
327.404782
327.399950
327.396852
327.395514
327.395507
327.395963
327.395942
327.394974
327.393447
327.392493
327.393312
327.396360
327.400953
327.405603
327.408844
327.409963
327.409150
327.407095
327.404555
327.402251
327.400912
327.401112
327.402889
327.405492
327.407608
327.408068
327.406595
327.404030
327.401850
327.401273
327.402562
327.404946
327.407135
327.408035
327.407222
327.404905
327.401565
327.397686
327.393719
327.390075
327.386963
327.384166
327.380972
327.376444
327.369993
327.361970
327.353786
327.347286
327.343709
327.342941
327.343557
327.343574
327.341460
327.336853
327.330611
327.324246
327.319150
327.316067
327.314925
327.314973
327.315091
327.314147
327.311358
327.306624
327.300726
327.295184
327.291661
327.291141
327.293348
327.296734
327.299087
327.298535
327.294476
327.287915
327.280951
327.275670
327.273133
327.273010
327.273956
327.274343
327.272908
327.269130
327.263359
327.256774
327.251098
327.248025
327.248505
327.252192
327.257406
327.261780
327.263370
327.261635
327.257640
327.253307
327.250235
327.248860
327.248443
327.247723
327.245698
327.242035
327.236995
327.231193
327.225474
327.220886
327.218492
327.218899
327.221760
327.225687
327.228849
327.229998
327.229274
327.228146
327.228482
327.231369
327.236489
327.242390
327.247357
327.250262
327.250887
327.249685
327.247346
327.244586
327.242190
327.240981
327.241483
327.243469
327.245860
327.247238
327.246676
327.244310
327.241236
327.238837
327.238004
327.238694
327.240050
327.240940
327.240508
327.238391
327.234623
327.229472
327.223441
327.217389
327.212435
327.209495
327.208689
327.209184
327.209692
327.209233
327.207593
327.205274
327.203160
327.202158
327.202891
327.205479
327.209490
327.214049
327.218059
327.220487
327.220708
327.218826
327.215792
327.213105
327.212112
327.213333
327.216294
327.219992
327.223579
327.226751
327.229702
327.232909
327.237014
327.242756
327.250793
327.261389
327.274158
327.288092
327.301885
327.314419
327.325199
327.334555
327.343431
327.352833
327.363247
327.374454
327.385831
327.396838
327.407277
327.417264
327.427068
327.437034
327.447562
327.459044
327.471696
327.485374
327.499519
327.513370
327.526346
327.538360
327.549828
327.561365
327.573368
327.585789
327.598206
327.610067
327.620910
327.630450
327.638608
327.645525
327.651548
327.657165
327.662890
327.669151
327.676181
327.683912
327.691973
327.699848
327.707140
327.713720
327.719653
327.725034
327.729934
327.734442
327.738647
327.742529
327.745916
327.748584
327.750424
327.751555
327.752305
327.753115
327.754401
327.756423
327.759216
327.762603
327.766346
327.770360
327.774835
327.780152
327.786663
327.794482
327.803393
327.812929
327.822599
327.832123
327.841535
327.851065
327.860905
327.871047
327.881329
327.891597
327.901826
327.912066
327.922272
327.932203
327.941572
327.950321
327.958780
327.967489
327.976811
327.986640
327.996447
328.005615
328.013770
328.020909
328.027313
328.033352
328.039321
328.045414
328.051831
328.058843
328.066686
328.075346
328.084472
328.093562
328.102304
328.110850
328.119813
328.129952
328.141752
328.155186
328.169754
328.184653
328.198989
328.211971
328.223117
328.232404
328.240313
328.247683
328.255366
328.263840
328.272969
328.282084
328.290309
328.296938
328.301706
328.304887
328.307218
328.309674
328.313125
328.318001
328.324102
328.330681
328.336752
328.341475
328.344460
328.345883
328.346391
328.346830
328.347920
328.350028
328.353107
328.356765
328.360445
328.363684
328.366328
328.368593
328.370939
328.373887
328.377881
328.383210
328.389910
328.397692
328.405988
328.414135
328.421613
328.428238
328.434205
328.439977
328.446036
328.452620
328.459577
328.466450
328.472740
328.478170
328.482795
328.486910
328.490808
328.494582
328.498147
328.501451
328.504624
328.507867
328.511205
328.514398
328.517097
328.519055
328.520234
328.520729
328.520604
328.519817
328.518310
328.516183
328.513792
328.511711
328.510511
328.510483
328.511498
328.513099
328.514750
328.516078
328.517030
328.517913
328.519300
328.521816
328.525920
328.531741
328.538996
328.547046
328.555136
328.562655
328.569323
328.575256
328.580956
328.587205
328.594774
328.604092
328.615034
328.626959
328.638929
328.650048
328.659784
328.668135
328.675521
328.682474
328.689355
328.696224
328.702837
328.708733
328.713378
328.716359
328.717622
328.717630
328.717268
328.717478
328.718837
328.721372
328.724675
328.728150
328.731215
328.733430
328.734621
328.734981
328.735056
328.735512
328.736815
328.739039
328.741922
328.745044
328.748051
328.750871
328.753834
328.757536
328.762485
328.768772
328.776071
328.783904
328.791919
328.799929
328.807773
328.815222
328.822091
328.828473
328.834760
328.841328
328.848160
328.854768
328.860421
328.864513
328.866871
328.867863
328.868205
328.868567
328.869221
328.869980
328.870401
328.870057
328.868670
328.866098
328.862284
328.857264
328.851218
328.844424
328.837104
328.829311
328.820936
328.811836
328.802014
328.791744
328.781535
328.771954
328.763423
328.756116
328.749974
328.744788
328.740297
328.736310
328.732789
328.729860
328.727708
328.726402
328.725759
328.725388
328.724889
328.724058
328.722975
328.721936
328.721314
328.721401
328.722315
328.723963
328.726068
328.728228
328.730022
328.731152
328.731622
328.731849
328.732604
328.734727
328.738696
328.744288
328.750581
328.756338
328.760598
328.763121
328.764474
328.765688
328.767715
328.771003
328.775406
328.780358
328.785126
328.789019
328.791583
328.792774
328.793042
328.793192
328.794051
328.796089
328.799235
328.802970
328.806563
328.809300
328.810676
328.810582
328.809431
328.808083
328.807519
328.808430
328.810950
328.814632
328.818614
328.821920
328.823835
328.824219
328.823542
328.822593
328.822046
328.822220
328.823099
328.824438
328.825778
328.826448
328.825717
328.823143
328.818868
328.813652
328.808628
328.804903
328.803188
328.803550
328.805417
328.807873
328.810132
328.811841
328.812985
328.813611
328.813757
328.813624
328.813635
328.814175
328.815239
328.816311
328.816616
328.815540
328.812953
328.809273
328.805284
328.801802
328.799318
328.797796
328.796797
328.795847
328.794675
328.793084
328.790739
328.787231
328.782343
328.776163
328.768954
328.760964
328.752340
328.743159
328.733470
328.723310
328.712708
328.701692
328.690272
328.678448
328.666300
328.654126
328.642459
328.631852
328.622573
328.614546
328.607533
328.601292
328.595556
328.589942
328.584034
328.577629
328.570917
328.564420
328.558715
328.554189
328.550978
328.549063
328.548310
328.548413
328.548894
328.549306
328.549525
328.549868
328.550941
328.553330
328.557268
328.562448
328.568081
328.573212
328.577107
328.579484
328.580520
328.580691
328.580574
328.580729
328.581642
328.583612
328.586566
328.589965
328.592994
328.595009
328.595990
328.596629
328.597952
328.600699
328.604927
328.610081
328.615368
328.620082
328.623763
328.626249
328.627693
328.628543
328.629444
328.631069
328.633895
328.638011
328.643097
328.648638
328.654251
328.659912
328.665897
328.672539
328.680041
328.688441
328.697623
328.707306
328.717073
328.726498
328.735279
328.743300
328.750643
328.757581
328.764492
328.771656
328.779040
328.786260
328.792813
328.798432
328.803319
328.808071
328.813350
328.819507
328.826397
328.833476
328.840117
328.845984
328.851213
328.856284
328.861711
328.867807
328.874642
328.882106
328.889940
328.897750
328.905119
328.911868
328.918349
328.925516
328.934662
328.946886
328.947328
328.950588
328.955572
328.960827
328.965241
328.968502
328.971085
328.973863
328.977603
328.982611
328.988622
328.994878
329.000328
329.003918
329.004913
329.003166
328.999219
328.994168
328.989282
328.985504
328.983047
328.981320
328.979230
328.975722
328.970319
328.963402
328.956110
328.949880
328.945807
328.944139
328.944198
328.944731
328.944427
328.942382
328.938411
328.933130
328.927716
328.923421
328.921018
328.920490
328.921115
328.921883
328.922018
328.921355
328.920369
328.919826
328.920296
328.921882
328.924287
328.927046
328.929700
328.931847
328.933196
328.933655
328.933392
328.932807
328.932325
328.932146
328.932092
328.931739
328.930786
328.929464
328.928679
328.929697
328.933459
328.939977
328.948230
328.956644
328.963832
328.969159
328.972839
328.975650
328.978473
328.981907
328.986093
328.990692
328.994966
328.997925
328.998614
328.996555
328.992106
328.986449
328.981147
328.977514
328.976128
328.976708
328.978330
328.979833
328.980254
328.979176
328.976900
328.974329
328.972575
328.972407
328.973869
328.976243
328.978377
328.979183
328.978120
328.975442
328.972100
328.969355
328.968298
328.969530
328.973069
328.978434
328.984799
328.991237
328.997066
329.002133
329.006817
329.011716
329.017272
329.023584
329.030406
329.037222
329.043403
329.048442
329.052203
329.055003
329.057477
329.060329
329.064098
329.069006
329.074882
329.081199
329.087257
329.092504
329.096780
329.100281
329.103266
329.105744
329.107414
329.107849
329.106742
329.104058
329.100027
329.095043
329.089520
329.083815
329.078257
329.073207
329.069035
329.065968
329.063951
329.062686
329.061864
329.061395
329.061415
329.062054
329.063200
329.064461
329.065330
329.065370
329.064296
329.061976
329.058459
329.054021
329.049161
329.044505
329.040633
329.037890
329.036279
329.035492
329.035123
329.034943
329.035060
329.035846
329.037636
329.040424
329.043793
329.047082
329.049621
329.050909
329.050704
329.049028
329.046069
329.042097
329.037423
329.032405
329.027439
329.022895
329.019021
329.015882
329.013428
329.011660
329.010734
329.010864
329.012086
329.014127
329.016470
329.018546
329.019933
329.020501
329.020437
329.020120
329.019916
329.020004
329.020344
329.020760
329.021048
329.021012
329.020519
329.019678
329.019065
329.019739
329.022828
329.028882
329.037503
329.047496
329.057417
329.066145
329.073236
329.078929
329.083851
329.088593
329.093420
329.098252
329.102862
329.107029
329.110492
329.112845
329.113706
329.113135
329.111869
329.110982
329.111248
329.112747
329.114993
329.117342
329.119366
329.120993
329.122397
329.123764
329.125099
329.126218
329.126945
329.127343
329.127754
329.128535
329.129718
329.130996
329.132098
329.133128
329.134492
329.136556
329.139432
329.143019
329.147155
329.151724
329.156686
329.162056
329.167838
329.173968
329.180319
329.186765
329.193222
329.199567
329.205508
329.210548
329.214194
329.216286
329.217146
329.217361
329.217477
329.217886
329.218904
329.220786
329.223620
329.227202
329.231038
329.234526
329.237232
329.239110
329.240509
329.241991
329.244044
329.246863
329.250303
329.254030
329.257720
329.261135
329.264041
329.266168
329.267394
329.267998
329.268698
329.270366
329.273578
329.278278
329.283778
329.289088
329.293355
329.296172
329.297635
329.298164
329.298215
329.298070
329.297854
329.297672
329.297645
329.297759
329.297720
329.297030
329.295253
329.292285
329.288468
329.284477
329.281053
329.278754
329.277797
329.278017
329.278932
329.279952
329.280639
329.280828
329.280571
329.280071
329.279700
329.279980
329.281387
329.284083
329.287802
329.291989
329.296036
329.299470
329.302016
329.303604
329.304404
329.304828
329.305386
329.306463
329.308168
329.310347
329.312637
329.314535
329.315545
329.315437
329.314394
329.312863
329.311200
329.309420
329.307217
329.304162
329.299914
329.294326
329.287448
329.279486
329.270770
329.261709
329.252709
329.244078
329.235973
329.228386
329.221127
329.213861
329.206288
329.198347
329.190268
329.182421
329.175117
329.168466
329.162376
329.156697
329.151387
329.146587
329.142549
329.139488
329.137474
329.136411
329.136098
329.136318
329.136933
329.137915
329.139307
329.141228
329.143917
329.147714
329.152878
329.159357
329.166683
329.174087
329.180765
329.186198
329.190342
329.193576
329.196416
329.199182
329.201821
329.203977
329.205232
329.205339
329.204254
329.202037
329.198799
329.194799
329.190500
329.186410
329.182811
329.179594
329.176310
329.172386
329.167453
329.161649
329.155675
329.150469
329.146657
329.144191
329.142430
329.140568
329.138068
329.134877
329.131347
329.128046
329.125593
329.124515
329.125027
329.126846
329.129225
329.131255
329.132277
329.132207
329.131589
329.131341
329.132281
329.134667
329.138053
329.141490
329.143934
329.144669
329.143609
329.141344
329.138911
329.137387
329.137493
329.139325
329.142292
329.145333
329.147344
329.147635
329.146224
329.143869
329.141755
329.140943
329.141832
329.143969
329.146324
329.147838
329.147836
329.146181
329.143259
329.139897
329.137181
329.136102
329.137142
329.139988
329.143590
329.146620
329.148139
329.148101
329.147364
329.147233
329.148809
329.152472
329.157771
329.163739
329.169372
329.173916
329.176913
329.178220
329.178125
329.177387
329.177015
329.177843
329.180174
329.183676
329.187534
329.190763
329.192537
329.192451
329.190646
329.187793
329.184853
329.182708
329.181825
329.182113
329.182948
329.183332
329.182166
329.178637
329.172535
329.164330
329.154968
329.145504
329.136788
329.129303
329.123159
329.118165
329.113936
329.110018
329.106046
329.101913
329.097867
329.094429
329.092136
329.091238
329.091489
329.092163
329.092355
329.091404
329.089192
329.086160
329.083084
329.080733
329.079588
329.079724
329.080872
329.082618
329.084661
329.086939
329.089588
329.092829
329.096921
329.102107
329.108455
329.115666
329.123048
329.129754
329.135128
329.138987
329.141698
329.144003
329.146694
329.150269
329.154768
329.159865
329.165144
329.170367
329.175566
329.180939
329.186730
329.193201
329.200631
329.209213
329.218848
329.229043
329.238990
329.247785
329.254698
329.259398
329.262061
329.263268
329.263696
329.263781
329.263564
329.262771
329.261026
329.258051
329.253859
329.248907
329.244096
329.240446
329.238565
329.238326
329.238989
329.239602
329.239411
329.238089
329.235804
329.233133
329.230826
329.229456
329.229157
329.229615
329.230292
329.230693
329.230506
329.229663
329.228431
329.227437
329.227474
329.229072
329.232144
329.236017
329.239802
329.242847
329.244973
329.246410
329.247536
329.248620
329.249676
329.250445
329.250526
329.249562
329.247382
329.243988
329.239484
329.234024
329.227856
329.221403
329.215258
329.209981
329.205806
329.202518
329.199643
329.196781
329.193842
329.191068
329.188838
329.187369
329.186494
329.185653
329.184090
329.181150
329.176535
329.170408
329.163319
329.156004
329.149174
329.143326
329.138579
329.134617
329.130806
329.126449
329.121034
329.114417
329.106880
329.099034
329.091545
329.084802
329.078712
329.072715
329.066025
329.057954
329.058266
329.056797
329.053891
329.050291
329.046823
329.044062
329.042209
329.041182
329.040747
329.040586
329.040406
329.040095
329.039825
329.039950
329.040759
329.042254
329.044115
329.045804
329.046742
329.046488
329.044905
329.042272
329.039226
329.036497
329.034580
329.033596
329.033389
329.033716
329.034363
329.035203
329.036207
329.037443
329.039072
329.041290
329.044199
329.047657
329.051225
329.054322
329.056500
329.057626
329.057859
329.057477
329.056707
329.055640
329.054257
329.052558
329.050691
329.048958
329.047680
329.047013
329.046883
329.047100
329.047538
329.048205
329.049114
329.050122
329.050934
329.051280
329.051095
329.050537
329.049821
329.049043
329.048138
329.047030
329.045832
329.044904
329.044669
329.045383
329.047066
329.049567
329.052710
329.056394
329.060647
329.065554
329.071122
329.077162
329.083329
329.089263
329.094723
329.099633
329.104023
329.107964
329.111541
329.114820
329.117787
329.120361
329.122529
329.124492
329.126612
329.129155
329.132131
329.135407
329.138946
329.142867
329.147262
329.152018
329.156834
329.161405
329.165600
329.169500
329.173293
329.177115
329.180949
329.184610
329.187825
329.190396
329.192360
329.193983
329.195603
329.197448
329.199622
329.202238
329.205550
329.209908
329.215518
329.222243
329.229590
329.236932
329.243776
329.249937
329.255540
329.260912
329.266454
329.272520
329.279307
329.286805
329.294842
329.303141
329.311349
329.319066
329.325991
329.332163
329.338087
329.344584
329.352393
329.361799
329.362001
329.362934
329.364062
329.364896
329.365204
329.365081
329.364853
329.364922
329.365654
329.367342
329.370144
329.373986
329.378506
329.383136
329.387337
329.390903
329.394132
329.397745
329.402535
329.408958
329.416864
329.425546
329.434066
329.441671
329.448041
329.453261
329.457624
329.461455
329.465041
329.468603
329.472250
329.475926
329.479361
329.482097
329.483658
329.483842
329.482990
329.481980
329.481859
329.483294
329.486220
329.489909
329.493363
329.495782
329.496852
329.496788
329.496147
329.495509
329.495189
329.495139
329.495057
329.494591
329.493487
329.491653
329.489174
329.486292
329.483383
329.480916
329.479364
329.479006
329.479711
329.480896
329.481807
329.481911
329.481117
329.479674
329.477871
329.475797
329.473309
329.470164
329.466169
329.461273
329.455560
329.449196
329.442354
329.435178
329.427796
329.420390
329.413230
329.406607
329.400691
329.395467
329.390830
329.386680
329.382894
329.379198
329.375176
329.370471
329.365019
329.359103
329.353166
329.347535
329.342264
329.337209
329.332228
329.327339
329.322761
329.318827
329.315846
329.314029
329.313520
329.314463
329.316967
329.320958
329.326057
329.331665
329.337224
329.342487
329.347569
329.352736
329.358119
329.363593
329.368865
329.373686
329.378031
329.382129
329.386349
329.391039
329.396409
329.402477
329.409087
329.415961
329.422780
329.429274
329.435296
329.440866
329.446136
329.451290
329.456426
329.461486
329.466305
329.470734
329.474756
329.478521
329.482246
329.486098
329.490162
329.494493
329.499172
329.504260
329.509710
329.515359
329.521020
329.526576
329.531955
329.537048
329.541645
329.545452
329.548170
329.549582
329.549638
329.548486
329.546435
329.543849
329.541019
329.538111
329.535195
329.532302
329.529443
329.526566
329.523556
329.520280
329.516679
329.512831
329.508918
329.505118
329.501480
329.497866
329.494013
329.489662
329.484656
329.478989
329.472805
329.466376
329.460028
329.454037
329.448556
329.443614
329.439162
329.435106
329.431308
329.427586
329.423760
329.419719
329.415419
329.410828
329.405875
329.400480
329.394585
329.388146
329.381090
329.373325
329.364806
329.364995
329.364602
329.363751
329.362729
329.361892
329.361538
329.361748
329.362341
329.363017
329.363626
329.364320
329.365423
329.367137
329.369348
329.371672
329.373667
329.375047
329.375789
329.376108
329.376360
329.376922
329.378116
329.380188
329.383295
329.387471
329.392552
329.398154
329.403748
329.408854
329.413276
329.417224
329.421182
329.425584
329.430555
329.435899
329.441242
329.446172
329.450300
329.453324
329.455132
329.455921
329.456213
329.456719
329.458066
329.460548
329.464000
329.467886
329.471558
329.474598
329.477051
329.479396
329.482250
329.486000
329.490657
329.495953
329.501517
329.507015
329.512235
329.517173
329.522091
329.527469
329.533815
329.541449
329.541584
329.542850
329.545071
329.547923
329.551026
329.554094
329.557109
329.560366
329.564290
329.569143
329.574854
329.581043
329.587151
329.592604
329.597005
329.600298
329.602810
329.605090
329.607635
329.610684
329.614198
329.617950
329.621625
329.624896
329.627516
329.629464
329.631045
329.632827
329.635384
329.638999
329.643468
329.648131
329.652128
329.654801
329.656056
329.656440
329.656885
329.658269
329.661075
329.665277
329.670415
329.675786
329.680687
329.684669
329.687730
329.690346
329.693266
329.697150
329.702247
329.708289
329.714595
329.720318
329.724724
329.727441
329.728602
329.728844
329.729084
329.730122
329.732262
329.735153
329.737987
329.739915
329.740473
329.739808
329.738621
329.737813
329.738015
329.739266
329.741019
329.742437
329.742759
329.741585
329.739002
329.735552
329.732038
329.729204
329.727388
329.726337
329.725296
329.723341
329.719809
329.714673
329.708680
329.703145
329.699421
329.698287
329.699592
329.702357
329.705237
329.707064
329.707233
329.705842
329.703648
329.701833
329.701601
329.703693
329.708044
329.713737
329.719334
329.723455
329.725387
329.725422
329.724713
329.724698
329.726421
329.730102
329.735153
329.740541
329.745265
329.748727
329.750881
329.752155
329.753252
329.754892
329.757572
329.761371
329.765881
329.770313
329.773792
329.775714
329.775990
329.775066
329.773708
329.772713
329.772636
329.773631
329.775411
329.777391
329.778971
329.779809
329.779921
329.779568
329.779052
329.778585
329.778287
329.778237
329.778477
329.778986
329.779679
329.780464
329.781270
329.782045
329.782735
329.783270
329.783590
329.783669
329.783577
329.783525
329.783872
329.785023
329.787241
329.790468
329.794325
329.798326
329.802174
329.805912
329.809805
329.814054
329.818574
329.822978
329.826771
329.829603
329.831436
329.832555
329.833445
329.834616
329.836437
329.839046
329.842339
329.846017
329.849667
329.852875
329.855399
329.857352
329.859220
329.861645
329.865025
329.869201
329.873424
329.876659
329.878063
329.877353
329.874883
329.871439
329.867892
329.864883
329.862659
329.861102
329.859887
329.858666
329.857196
329.855406
329.853459
329.851735
329.850696
329.850649
329.851536
329.852897
329.854018
329.854217
329.853134
329.850890
329.847984
329.845021
329.842429
329.840335
329.838627
329.837122
329.835727
329.834505
329.833664
329.833493
329.834281
329.836218
329.839304
329.843323
329.847873
329.852463
329.856642
329.860142
329.862978
329.865423
329.867863
329.870578
329.873569
329.876575
329.879264
329.881479
329.883347
329.885193
329.887345
329.889954
329.892973
329.896295
329.899909
329.903965
329.908673
329.914148
329.920300
329.926847
329.933388
329.939507
329.944869
329.949311
329.952885
329.955839
329.958547
329.961397
329.964655
329.968315
329.972050
329.975339
329.977733
329.979094
329.979681
329.980035
329.980700
329.981959
329.983708
329.985505
329.986734
329.986796
329.985303
329.982219
329.977900
329.972980
329.968115
329.963690
329.959648
329.955559
329.950864
329.945153
329.938338
329.930697
329.922812
329.915387
329.908994
329.903843
329.899686
329.895912
329.891755
329.886565
329.880071
329.872553
329.864779
329.857685
329.851930
329.847621
329.844333
329.841386
329.838161
329.834314
329.829874
329.825226
329.822288
329.819071
329.815235
329.810805
329.806168
329.801958
329.798830
329.797206
329.797100
329.798127
329.799656
329.801042
329.801843
329.801943
329.801550
329.801053
329.800797
329.800881
329.801085
329.800973
329.800096
329.798203
329.795358
329.791933
329.788475
329.785510
329.783355
329.782027
329.781261
329.780646
329.779790
329.778457
329.776604
329.774329
329.771800
329.769193
329.766626
329.764104
329.761493
329.758593
329.755262
329.751521
329.747566
329.743670
329.740068
329.736868
329.734036
329.731454
329.728995
329.726559
329.724055
329.721369
329.718405
329.715160
329.711729
329.708213
329.704608
329.700817
329.696756
329.692393
329.687703
329.682610
329.677041
329.671015
329.664678
329.658246
329.651914
329.645786
329.639860
329.634043
329.628205
329.622268
329.616281
329.610399
329.604801
329.599628
329.595015
329.591149
329.588233
329.586319
329.585160
329.584239
329.583012
329.581235
329.579115
329.577165
329.575861
329.575377
329.575525
329.575921
329.576190
329.576127
329.575716
329.575060
329.574287
329.573516
329.572854
329.572405
329.572239
329.572318
329.572432
329.572239
329.571449
329.570057
329.568429
329.567157
329.566753
329.567385
329.568833
329.570666
329.572487
329.574113
329.575600
329.577192
329.579237
329.582053
329.585773
329.590296
329.595375
329.600752
329.606214
329.611562
329.616609
329.621242
329.625484
329.629466
329.633314
329.637067
329.640701
329.644193
329.647548
329.650746
329.653684
329.656166
329.657934
329.658727
329.658374
329.656887
329.654495
329.651520
329.648183
329.644494
329.640347
329.635713
329.630749
329.625756
329.621059
329.616927
329.613545
329.610993
329.609217
329.608047
329.607265
329.606709
329.606331
329.606223
329.606581
329.607608
329.609342
329.611537
329.613714
329.615397
329.616357
329.616734
329.616972
329.617630
329.619156
329.621707
329.625087
329.628831
329.632401
329.635419
329.637792
329.639666
329.641288
329.642884
329.644597
329.646446
329.648281
329.649787
329.650597
329.650472
329.649456
329.647913
329.646423
329.645609
329.645937
329.647560
329.650252
329.653509
329.656822
329.659954
329.663073
329.666612
329.670961
329.676176
329.681896
329.687483
329.692298
329.695936
329.698346
329.699796
329.700773
329.701878
329.703710
329.706720
329.711031
329.716339
329.722008
329.727362
329.732056
329.736260
329.740532
329.745469
329.751370
329.758109
329.765216
329.772092
329.778209
329.783213
329.786954
329.789497
329.791162
329.792489
329.794084
329.796359
329.799335
329.802620
329.805613
329.807833
329.809176
329.809947
329.810649
329.811700
329.813239
329.815115
329.817006
329.818568
329.819518
329.819681
329.819027
329.817699
329.816007
329.814351
329.813116
329.812548
329.812640
329.813133
329.813639
329.813867
329.813778
329.813566
329.813470
329.813578
329.813758
329.813733
329.813229
329.812077
329.810244
329.807850
329.805181
329.802693
329.800932
329.800358
329.801146
329.803080
329.805688
329.808553
329.811590
329.815089
329.819483
329.825038
329.831643
329.838838
329.845979
329.852451
329.857835
329.862009
329.865151
329.867660
329.870003
329.872542
329.875395
329.878389
329.881131
329.883210
329.884428
329.884950
329.885251
329.885865
329.887110
329.888973
329.891156
329.893232
329.894838
329.895825
329.896318
329.896664
329.897301
329.898568
329.900549
329.903007
329.905487
329.907547
329.909007
329.910064
329.911209
329.912986
329.915740
329.919515
329.924122
329.929249
329.934532
329.939598
329.944161
329.948183
329.951987
329.956138
329.961062
329.966662
329.972242
329.976832
329.979722
329.980838
329.980769
329.980454
329.980761
329.982172
329.984674
329.987869
329.991163
329.993949
329.995749
329.996348
329.995879
329.994786
329.993627
329.992776
329.992204
329.991467
329.989924
329.987085
329.982885
329.977707
329.972169
329.966858
329.962161
329.958188
329.954770
329.951560
329.948221
329.944654
329.941119
329.938141
329.936257
329.935745
329.936457
329.937831
329.939085
329.939549
329.938964
329.937557
329.935847
329.934327
329.933252
329.932602
329.932122
329.931353
329.929722
329.926764
329.922371
329.916935
329.911264
329.906314
329.902811
329.900926
329.900148
329.899475
329.897866
329.894753
329.890320
329.885356
329.880817
329.877387
329.875267
329.874193
329.873589
329.872813
329.871398
329.869215
329.866503
329.863801
329.861792
329.861060
329.861806
329.863690
329.865917
329.867567
329.868023
329.867275
329.865906
329.864794
329.864691
329.865922
329.868308
329.871321
329.874332
329.876808
329.878416
329.879053
329.878876
329.878312
329.877970
329.878421
329.879938
329.882342
329.885057
329.887361
329.888732
329.889103
329.888842
329.888482
329.888420
329.888783
329.889495
329.890409
329.891364
329.892164
329.892550
329.892285
329.891302
329.889833
329.888361
329.887390
329.887154
329.887459
329.887812
329.887746
329.887143
329.886285
329.885646
329.885583
329.886182
329.887333
329.888889
329.890784
329.893031
329.895663
329.898675
329.902007
329.905561
329.909234
329.912905
329.916408
329.919526
329.922067
329.923990
329.925479
329.926883
329.928522
329.930496
329.932595
329.934404
329.935500
329.935643
329.934868
329.933464
329.931874
329.930548
329.929782
329.929586
329.929633
329.929354
329.928193
329.925891
329.922637
329.919004
329.915689
329.913207
329.911701
329.910987
329.910745
329.910685
329.910580
329.910239
329.909527
329.908464
329.907294
329.906434
329.906263
329.906896
329.908079
329.909330
329.910204
329.910549
329.910555
329.910590
329.910931
329.911616
329.912513
329.913531
329.914742
329.916308
329.918284
329.920511
329.922691
329.924576
329.926130
329.927541
329.929100
329.931044
329.933489
329.936438
329.939807
329.943402
329.946899
329.949902
329.952121
329.953563
329.954618
329.955921
329.958035
329.961144
329.964971
329.968929
329.972390
329.974916
329.976399
329.977076
329.977452
329.978140
329.979622
329.981987
329.984784
329.987143
329.988159
329.987344
329.984863
329.981430
329.977921
329.974958
329.972691
329.970874
329.969109
329.967067
329.964572
329.961605
329.958303
329.954978
329.952086
329.950073
329.949115
329.948950
329.948949
329.948413
329.946891
329.944359
329.941149
329.937740
329.934563
329.931894
329.929844
329.928353
329.927218
329.926160
329.924924
329.923398
329.921672
329.919993
329.918600
329.917549
329.916640
329.915545
329.914030
329.912165
329.910351
329.909124
329.908873
329.909639
329.911152
329.913004
329.914842
329.916468
329.917899
329.919392
329.921442
329.924635
329.929367
329.935561
329.935576
329.935594
329.934975
329.933439
329.931127
329.928457
329.925876
329.923680
329.921923
329.920418
329.918777
329.916544
329.913375
329.909206
329.904333
329.899344
329.894918
329.891540
329.889273
329.887725
329.886274
329.884405
329.881942
329.879044
329.876014
329.873107
329.870452
329.868089
329.866024
329.864246
329.862694
329.861249
329.859780
329.858243
329.856733
329.855431
329.854452
329.853703
329.852876
329.851589
329.849576
329.846809
329.843501
329.840016
329.836739
329.833930
329.831627
329.829650
329.827734
329.825692
329.823518
329.821365
329.819402
329.817691
329.816142
329.814586
329.812855
329.810836
329.808480
329.805800
329.802851
329.799699
329.796428
329.793173
329.790148
329.787600
329.785697
329.784434
329.783652
329.783176
329.782940
329.782992
329.783380
329.784069
329.784961
329.786002
329.787234
329.788747
329.790584
329.792661
329.794736
329.796452
329.797430
329.797449
329.796609
329.795347
329.794230
329.793649
329.793614
329.793795
329.793763
329.793259
329.792331
329.791269
329.790434
329.790101
329.790433
329.791488
329.793195
329.795297
329.797358
329.798892
329.799584
329.799477
329.798987
329.798713
329.799134
329.800344
329.801996
329.803461
329.804111
329.803619
329.802118
329.800151
329.798412
329.797442
329.797415
329.798081
329.798871
329.799075
329.798074
329.795560
329.791681
329.786985
329.782191
329.777904
329.774427
329.771721
329.769484
329.767290
329.764761
329.761747
329.758439
329.755355
329.753134
329.752226
329.752677
329.754141
329.756107
329.758180
329.760225
329.762342
329.764747
329.767672
329.771268
329.775520
329.780203
329.784937
329.789292
329.792927
329.795716
329.797830
329.799688
329.801759
329.804309
329.807260
329.810274
329.812946
329.814998
329.816348
329.817089
329.817397
329.817448
329.817335
329.817008
329.816259
329.814756
329.812138
329.808145
329.802744
329.796220
329.796265
329.796237
329.796427
329.796908
329.797564
329.798189
329.798603
329.798749
329.798718
329.798675
329.798767
329.799077
329.799626
329.800394
329.801320
329.802296
329.803190
329.803904
329.804421
329.804816
329.805216
329.805756
329.806529
329.807571
329.808880
329.810505
329.812647
329.815624
329.819681
329.824754
329.830420
329.836080
329.841265
329.845815
329.849853
329.853628
329.857369
329.861189
329.865061
329.868826
329.872230
329.874972
329.876773
329.877507
329.877322
329.876654
329.876051
329.875927
329.876439
329.877515
329.878956
329.880527
329.882030
329.883360
329.884543
329.885722
329.887104
329.888870
329.891056
329.893473
329.895751
329.897499
329.898526
329.898967
329.899207
329.899656
329.900539
329.901837
329.903374
329.904940
329.906350
329.907446
329.908130
329.908434
329.908570
329.908875
329.909640
329.910941
329.912588
329.914220
329.915527
329.916424
329.917106
329.917938
329.919286
329.921365
329.924169
329.927502
329.931065
329.934569
329.937831
329.940854
329.943854
329.947188
329.951161
329.955831
329.960951
329.966100
329.970916
329.975267
329.979263
329.983125
329.987034
329.991073
329.995237
329.999460
330.003591
330.007397
330.010637
330.013190
330.015149
330.016791
330.018426
330.020215
330.022072
330.023736
330.024959
330.025674
330.026043
330.026333
330.026740
330.027305
330.027968
330.028662
330.029342
330.029959
330.030463
330.030867
330.031329
330.032151
330.033653
330.035973
330.038911
330.041975
330.044646
330.046678
330.048223
330.049662
330.051336
330.053357
330.055638
330.058014
330.060352
330.062574
330.064609
330.066382
330.067860
330.069130
330.070405
330.071919
330.073756
330.075767
330.077629
330.078997
330.079673
330.079660
330.079124
330.078273
330.077249
330.076085
330.074749
330.073242
330.071674
330.070247
330.069150
330.068453
330.068074
330.067829
330.067520
330.067025
330.066359
330.065696
330.065334
330.065591
330.066658
330.068456
330.070609
330.072588
330.073937
330.074456
330.074245
330.073610
330.072910
330.072404
330.072182
330.072161
330.072125
330.071783
330.070861
330.069246
330.067108
330.064881
330.063077
330.062053
330.061848
330.062175
330.062563
330.062553
330.061902
330.060692
330.059273
330.058035
330.057173
330.056589
330.055981
330.054995
330.053365
330.051000
330.048055
330.044910
330.042037
330.039782
330.038208
330.037074
330.035978
330.034546
330.032586
330.030122
330.027328
330.024406
330.021464
330.018457
330.015232
330.011634
330.007591
330.003149
329.998471
329.993822
329.989481
329.985607
329.982131
329.978791
329.975304
329.971589
329.967899
329.964755
329.962698
329.961983
329.962418
329.963433
329.964355
329.964680
329.964198
329.962919
329.960971
329.958568
329.956024
329.953668
329.951668
329.949874
329.947843
329.945064
329.941289
329.936780
329.932264
329.928561
329.926159
329.925017
329.924665
329.924479
329.923954
329.922799
329.920909
329.918315
329.915195
329.911901
329.908857
329.906345
329.904302
329.902322
329.899916
329.896845
329.893279
329.889668
329.886446
329.883820
329.881723
329.879946
329.878306
329.876749
329.875320
329.874041
329.872843
329.871584
329.870129
329.868401
329.866365
329.863974
329.861142
329.857815
329.854092
329.850255
329.846655
329.843538
329.840947
329.838751
329.836756
329.834823
329.832916
329.831074
329.829362
329.827861
329.826644
329.825723
329.824973
329.824105
329.822764
329.820724
329.818056
329.815116
329.812351
329.810085
329.808420
329.807258
329.806367
329.805496
329.804498
329.803402
329.802381
329.801659
329.801414
329.801723
329.802520
329.803555
329.804444
329.804804
329.804423
329.803356
329.801874
329.800308
329.798903
329.797756
329.796821
329.795970
329.795058
329.794019
329.792936
329.792036
329.791590
329.791751
329.792442
329.793363
329.794113
329.794368
329.793992
329.793039
329.791648
329.789934
329.787947
329.785699
329.783201
329.780487
329.777597
329.774561
329.771399
329.768158
329.764963
329.762028
329.759575
329.757710
329.756358
329.755296
329.754278
329.753128
329.751768
329.750221
329.748591
329.747014
329.745567
329.744245
329.743017
329.741934
329.741154
329.740882
329.741302
329.742527
329.744574
329.747345
329.750653
329.754308
329.758178
329.762192
329.766294
329.770432
329.774578
329.778740
329.782928
329.787084
329.791061
329.794683
329.797824
329.800463
329.802693
329.804687
329.806641
329.808691
329.810859
329.813072
329.815235
329.817299
329.819255
329.821132
329.823013
329.825023
329.827256
329.829669
329.832069
329.834230
329.836056
329.837653
329.839263
329.841113
329.843286
329.845691
329.848151
329.850531
329.852824
329.855121
329.857515
329.860024
329.862601
329.865180
329.867725
329.870222
329.872639
329.874863
329.876714
329.878041
329.878869
329.879469
329.880251
329.881491
329.883105
329.884648
329.885568
329.885506
329.884472
329.882792
329.880923
329.879263
329.878046
329.877324
329.877016
329.876977
329.877025
329.876911
329.876346
329.875150
329.873453
329.871766
329.870760
329.870901
329.872178
329.874122
329.876068
329.877489
329.878225
329.878488
329.878708
329.879335
329.880724
329.883096
329.886513
329.890811
329.895576
329.900253
329.904392
329.907866
329.910904
329.913913
329.917249
329.921064
329.925302
329.929772
329.934244
329.938496
329.942317
329.945497
329.947887
329.949514
329.950631
329.951644
329.952924
329.954619
329.956594
329.958540
329.960163
329.961295
329.961866
329.961844
329.961214
329.960022
329.958397
329.956507
329.954470
329.952273
329.949796
329.946933
329.943709
329.940315
329.937037
329.934149
329.931842
329.930181
329.929128
329.928616
329.928597
329.929022
329.929792
329.930767
329.931841
329.933012
329.934366
329.936003
329.937974
329.940260
329.942810
329.945597
329.948660
329.952074
329.955858
329.959905
329.964022
329.968075
329.972114
329.976336
329.980915
329.985840
329.990908
329.995853
330.000487
330.004742
330.008627
330.012146
330.015268
330.017960
330.020234
330.022200
330.024059
330.026032
330.028243
330.030675
330.033214
330.035741
330.038193
330.040598
330.043075
330.045792
330.048888
330.052399
330.056230
330.060185
330.064010
330.067458
330.070390
330.072844
330.075016
330.077142
330.079348
330.081622
330.083897
330.086179
330.088579
330.091253
330.094308
330.097763
330.101556
330.105594
330.109822
330.114271
330.119043
330.124215
330.129766
330.135619
330.135592
330.136027
330.137162
330.138959
330.141027
330.142787
330.143778
330.143870
330.143273
330.142406
330.141729
330.141608
330.142226
330.143531
330.145226
330.146839
330.147866
330.147966
330.147142
330.145792
330.144536
330.143891
330.143994
330.144541
330.144973
330.144770
330.143711
330.141979
330.140074
330.138599
330.138013
330.138492
330.139904
330.141913
330.144096
330.146058
330.147518
330.148387
330.148785
330.148972
330.149220
330.149690
330.150369
330.151071
330.151512
330.151439
330.150789
330.149776
330.148843
330.148492
330.149054
330.150544
330.152684
330.155047
330.157253
330.159123
330.160709
330.162210
330.163803
330.165530
330.167289
330.168916
330.170260
330.171204
330.171689
330.171743
330.171494
330.171127
330.170837
330.170812
330.171197
330.172022
330.173176
330.174474
330.175811
330.177281
330.179144
330.181630
330.184739
330.188170
330.191415
330.193936
330.195379
330.195720
330.195283
330.194562
330.193968
330.193658
330.193541
330.193417
330.193165
330.192855
330.192710
330.192946
330.193619
330.194592
330.195644
330.196617
330.197463
330.198137
330.198490
330.198321
330.197542
330.196246
330.194616
330.192793
330.190830
330.188713
330.186415
330.183940
330.181387
330.178961
330.176911
330.175419
330.174494
330.173949
330.173457
330.172702
330.171544
330.170085
330.168584
330.167280
330.166254
330.165393
330.164455
330.163163
330.161294
330.158771
330.155728
330.152513
330.149572
330.147286
330.145848
330.145226
330.145171
330.145267
330.145037
330.144116
330.142413
330.140145
330.137689
330.135368
330.133325
330.131488
330.129618
330.127410
330.124655
330.121377
330.117842
330.114392
330.111251
330.108435
330.105782
330.103042
330.099954
330.096346
330.092244
330.087910
330.083729
330.079977
330.076678
330.073622
330.070507
330.067083
330.063239
330.059058
330.054784
330.050712
330.047038
330.043801
330.040936
330.038357
330.035983
330.033736
330.031589
330.029627
330.028036
330.026981
330.026494
330.026452
330.026655
330.026934
330.027212
330.027498
330.027818
330.028132
330.028313
330.028214
330.027781
330.027118
330.026442
330.025982
330.025913
330.026340
330.027286
330.028646
330.030176
330.031612
330.032805
330.033791
330.034735
330.035819
330.037158
330.038727
330.040333
330.041639
330.042286
330.042045
330.040930
330.039201
330.037288
330.035681
330.034758
330.034603
330.034931
330.035219
330.034974
330.033981
330.032396
330.030664
330.029315
330.028726
330.028950
330.029661
330.030242
330.030004
330.028443
330.025454
330.021377
330.016858
330.012569
330.008908
330.005854
330.003039
329.999973
329.996321
329.992097
329.987708
329.983786
329.980920
329.979417
329.979193
329.979795
329.980530
329.980671
329.979703
329.977511
329.974411
329.970985
329.967785
329.965106
329.962936
329.961055
329.959198
329.957209
329.955115
329.953122
329.951506
329.950479
329.950103
329.950300
329.950899
329.951709
329.952584
329.953477
329.954421
329.955452
329.956534
329.957553
329.958376
329.958913
329.959161
329.959212
329.959235
329.959440
329.960007
329.961012
329.962413
329.964100
329.965981
329.968017
329.970226
329.972655
329.975342
329.978264
329.981299
329.984246
329.986915
329.989223
329.991226
329.993069
329.994882
329.996711
329.998509
330.000183
330.001660
330.002954
330.004193
330.005575
330.007283
330.009393
330.011841
330.014431
330.016898
330.019005
330.020629
330.021798
330.022671
330.023483
330.024501
330.025997
330.028184
330.031101
330.034528
330.038005
330.041035
330.043350
330.045073
330.046676
330.048738
330.051649
330.055427
330.059739
330.064078
330.067954
330.071035
330.073207
330.074584
330.075472
330.076257
330.077245
330.078517
330.079891
330.081014
330.081553
330.081346
330.080446
330.079056
330.077402
330.075664
330.073952
330.072298
330.070656
330.068931
330.067019
330.064851
330.062428
330.059864
330.057364
330.055103
330.053078
330.051082
330.048839
330.046201
330.043248
330.040227
330.037393
330.034883
330.032668
330.030600
330.028509
330.026300
330.024008
330.021740
330.019587
330.017604
330.015837
330.014312
330.012969
330.011604
330.009919
330.007679
330.004844
330.001577
329.998144
329.994822
329.991882
329.989558
329.987989
329.987125
329.986703
329.986314
329.985549
329.984153
329.982127
329.979716
329.977271
329.975068
329.973167
329.971457
329.969808
329.968166
329.966502
329.964727
329.962707
329.960376
329.957786
329.955057
329.952293
329.949541
329.946837
329.944267
329.941974
329.940090
329.938630
329.937449
329.936292
329.934913
329.933219
329.931339
329.929571
329.928186
329.927262
329.926670
329.926187
329.925609
329.924785
329.923619
329.922116
329.920455
329.919000
329.918170
329.918198
329.918965
329.920032
329.920892
329.921275
329.921284
329.921275
329.921594
329.922377
329.923523
329.924789
329.925912
329.926674
329.926896
329.926436
329.925261
329.923545
329.921667
329.920044
329.918872
329.917993
329.916996
329.915516
329.913465
329.911037
329.908494
329.905977
329.903496
329.901054
329.898742
329.896693
329.894959
329.893417
329.891822
329.889975
329.887882
329.885738
329.883774
329.882084
329.880587
329.879139
329.877661
329.876185
329.874789
329.873514
329.872305
329.871045
329.869623
329.867997
329.866210
329.864375
329.862656
329.861250
329.860369
329.860187
329.860748
329.861917
329.863412
329.864902
329.866144
329.867065
329.867777
329.868513
329.869516
329.870914
329.872669
329.874617
329.876570
329.878403
329.880072
329.881608
329.883093
329.884660
329.886483
329.888736
329.891512
329.894761
329.898297
329.901856
329.905187
329.908143
329.910756
329.913221
329.915760
329.918461
329.921201
329.923723
329.925772
329.927191
329.927953
329.928141
329.927929
329.927536
329.927167
329.926956
329.926937
329.927035
329.927070
329.926790
329.925968
329.924518
329.922561
329.920366
329.918176
329.916075
329.913984
329.911783
329.909427
329.906973
329.904542
329.902243
329.900136
329.898223
329.896490
329.894937
329.893558
329.892306
329.891103
329.889898
329.888724
329.887696
329.886949
329.886545
329.886404
329.886300
329.885959
329.885209
329.884123
329.883020
329.882318
329.882311
329.883043
329.884344
329.885954
329.887624
329.889168
329.890486
329.891588
329.892569
329.893571
329.894708
329.896019
329.897434
329.898809
329.899987
329.900887
329.901543
329.902039
329.902388
329.902496
329.902251
329.901660
329.900882
329.900090
329.899316
329.898445
329.897334
329.895931
329.894274
329.892426
329.890401
329.888128
329.885490
329.882400
329.878900
329.875202
329.871619
329.868426
329.865762
329.863636
329.861988
329.860681
329.859471
329.858049
329.856200
329.853985
329.851750
329.849931
329.848787
329.848249
329.847961
329.847452
329.846320
329.844375
329.841684
329.838513
329.835171
329.831873
329.828694
329.825646
329.822779
329.820209
329.818033
329.816225
329.814605
329.812949
329.811138
329.809215
329.807305
329.805506
329.803852
329.802336
329.800964
329.799767
329.798765
329.797895
329.796958
329.795659
329.793777
329.791348
329.788718
329.786396
329.784779
329.783942
329.783629
329.783414
329.782904
329.781854
329.780168
329.777870
329.775085
329.772066
329.769187
329.766814
329.765104
329.763901
329.762827
329.761505
329.759755
329.757629
329.755292
329.752863
329.750365
329.747768
329.745073
329.742363
329.739787
329.737504
329.735627
329.734189
329.733145
329.732390
329.731758
329.731039
329.730019
329.728567
329.726697
329.724544
329.722291
329.720081
329.717939
329.715754
329.713363
329.710703
329.707911
329.705277
329.703084
329.701425
329.700105
329.698702
329.696751
329.693943
329.690239
329.685883
329.681310
329.676970
329.673152
329.669867
329.666871
329.663785
329.660270
329.656189
329.651692
329.647193
329.643220
329.640205
329.638303
329.637347
329.636940
329.636636
329.636125
329.635382
329.634679
329.634431
329.634942
329.636229
329.637999
329.639780
329.641108
329.641682
329.641469
329.640702
329.639796
329.639185
329.639145
329.639704
329.640655
329.641663
329.642412
329.642743
329.642751
329.642746
329.643096
329.644028
329.645505
329.647221
329.648711
329.649527
329.649415
329.648432
329.646932
329.645421
329.644314
329.643755
329.643583
329.643454
329.643030
329.642124
329.640748
329.639062
329.637264
329.635486
329.633758
329.632014
329.630111
329.627846
329.624991
329.621370
329.616983
329.612067
329.607015
329.602187
329.597747
329.593651
329.589774
329.586029
329.582409
329.578961
329.575746
329.572803
329.570115
329.567601
329.565162
329.562741
329.560349
329.558036
329.555845
329.553797
329.551912
329.550199
329.548624
329.547100
329.545557
329.544021
329.542618
329.541485
329.540654
329.540023
329.539434
329.538768
329.537986
329.537111
329.536181
329.535208
329.534182
329.533100
329.532008
329.530986
329.530107
329.529414
329.528962
329.528866
329.529263
329.530208
329.531586
329.533134
329.534546
329.535605
329.536258
329.536596
329.536781
329.536958
329.537204
329.537519
329.537835
329.538013
329.537853
329.537169
329.535899
329.534213
329.532485
329.531125
329.530380
329.530232
329.530466
329.530834
329.531213
329.531685
329.532504
329.533941
329.536100
329.538816
329.541707
329.544352
329.546449
329.547892
329.548782
329.549407
329.550179
329.551478
329.553460
329.555963
329.558544
329.560659
329.561870
329.562016
329.561284
329.560141
329.559165
329.558826
329.559300
329.560375
329.561490
329.561933
329.561172
329.559146
329.556328
329.553483
329.551293
329.550072
329.549692
329.549684
329.549426
329.548372
329.546257
329.543212
329.539736
329.536511
329.534130
329.532874
329.532635
329.532985
329.533346
329.533247
329.532543
329.531488
329.530576
329.530278
329.530842
329.532266
329.534411
329.537152
329.540458
329.544353
329.548801
329.553654
329.558721
329.558796
329.559088
329.559786
329.560918
329.562291
329.563586
329.564516
329.564951
329.564955
329.564746
329.564601
329.564744
329.565271
329.566121
329.567100
329.567912
329.568186
329.567586
329.565994
329.563631
329.560974
329.558503
329.556494
329.554942
329.553632
329.552273
329.550636
329.548629
329.546321
329.543905
329.541637
329.539766
329.538484
329.537895
329.537995
329.538684
329.539803
329.541212
329.542861
329.544819
329.547223
329.550158
329.553545
329.557132
329.560582
329.563620
329.566127
329.568158
329.569896
329.571580
329.573431
329.575594
329.578090
329.580803
329.583499
329.585872
329.587634
329.588604
329.588784
329.588360
329.587631
329.586886
329.586280
329.585769
329.585141
329.584133
329.582573
329.580477
329.578047
329.575578
329.573316
329.571379
329.569761
329.568377
329.567108
329.565813
329.564362
329.562665
329.560713
329.558601
329.556540
329.554795
329.553564
329.552844
329.552389
329.551825
329.550843
329.549361
329.547547
329.545728
329.544252
329.543373
329.543186
329.543601
329.544377
329.545205
329.545808
329.546026
329.545873
329.545529
329.545287
329.545427
329.546089
329.547173
329.548363
329.549256
329.549527
329.549057
329.547969
329.546559
329.545174
329.544058
329.543263
329.542653
329.541982
329.541012
329.539629
329.537907
329.536087
329.534479
329.533320
329.532692
329.532515
329.532592
329.532682
329.532588
329.532248
329.531776
329.531406
329.531376
329.531813
329.532674
329.533733
329.534660
329.535156
329.535095
329.534600
329.533988
329.533591
329.533570
329.533816
329.534022
329.533855
329.533117
329.531800
329.530052
329.528101
329.526177
329.524450
329.522981
329.521667
329.520242
329.518373
329.515821
329.512606
329.509042
329.505613
329.502742
329.500600
329.499069
329.497834
329.496564
329.495074
329.493383
329.491653
329.490064
329.488739
329.487728
329.487016
329.486494
329.485948
329.485108
329.483781
329.481968
329.479882
329.477836
329.476057
329.474561
329.473152
329.471540
329.469503
329.466990
329.464111
329.461050
329.457967
329.454966
329.452098
329.449355
329.446654
329.443824
329.440673
329.437105
329.433211
329.429229
329.425400
329.421821
329.418406
329.414975
329.411407
329.407746
329.404178
329.400903
329.398014
329.395467
329.393154
329.390994
329.388991
329.387206
329.385688
329.384426
329.383360
329.382439
329.381653
329.381022
329.380548
329.380170
329.379793
329.379359
329.378903
329.378534
329.378355
329.378392
329.378594
329.378886
329.379240
329.379704
329.380377
329.381330
329.382554
329.383969
329.385486
329.387063
329.388707
329.390427
329.392194
329.393962
329.395720
329.397493
329.399267
329.400917
329.402222
329.402968
329.403085
329.402694
329.402048
329.401413
329.400943
329.400634
329.400352
329.399922
329.399214
329.398189
329.396894
329.395444
329.394003
329.392755
329.391853
329.391355
329.391180
329.391121
329.390924
329.390397
329.389493
329.388313
329.387026
329.385781
329.384676
329.383773
329.383105
329.382658
329.382341
329.382012
329.381563
329.381010
329.380497
329.380209
329.380256
329.380598
329.381068
329.381451
329.381604
329.381511
329.381247
329.380887
329.380444
329.379889
329.379223
329.378503
329.377780
329.377007
329.376029
329.374683
329.372918
329.370843
329.368629
329.366385
329.364093
329.361657
329.359006
329.356176
329.353322
329.350624
329.348177
329.345916
329.343657
329.341202
329.338439
329.335366
329.332036
329.328491
329.324754
329.320859
329.316874
329.312877
329.308905
329.304905
329.300761
329.296371
329.291751
329.287068
329.282570
329.278458
329.274779
329.271400
329.268075
329.264566
329.260753
329.256682
329.252528
329.248512
329.244805
329.241468
329.238447
329.235612
329.232832
329.230050
329.227330
329.224834
329.222745
329.221188
329.220196
329.219730
329.219690
329.219927
329.220241
329.220409
329.220253
329.219718
329.218889
329.217921
329.216931
329.215918
329.214788
329.213431
329.211791
329.209917
329.207956
329.206119
329.204602
329.203529
329.202935
329.202792
329.203031
329.203565
329.204303
329.205179
329.206171
329.207295
329.208571
329.209959
329.211345
329.212559
329.213440
329.213901
329.213966
329.213767
329.213486
329.213266
329.213151
329.213077
329.212915
329.212539
329.211905
329.211088
329.210271
329.209669
329.209429
329.209575
329.210008
329.210558
329.211022
329.211196
329.210923
329.210164
329.209041
329.207812
329.206756
329.206051
329.205710
329.205616
329.205615
329.205625
329.205693
329.205987
329.206705
329.207972
329.209776
329.212012
329.214548
329.217270
329.220065
329.222814
329.225414
329.227838
329.230147
329.232430
329.234719
329.236943
329.238952
329.240609
329.241871
329.242845
329.243752
329.244833
329.246240
329.248002
329.250045
329.252265
329.254565
329.256861
329.259040
329.260961
329.262482
329.263515
329.264031
329.264044
329.263603
329.262792
329.261720
329.260472
329.259060
329.257414
329.255463
329.253231
329.250886
329.248709
329.246981
329.245883
329.245421
329.245452
329.245754
329.246091
329.246255
329.246086
329.245514
329.244612
329.243593
329.242703
329.242049
329.241484
329.240664
329.239237
329.237042
329.234204
329.231094
329.228171
329.225807
329.224170
329.223203
329.222688
329.222354
329.221971
329.221397
329.220587
329.219584
329.218489
329.217394
329.216300
329.215086
329.213543
329.211471
329.208764
329.205479
329.201833
329.198155
329.194783
329.191963
329.189763
329.188067
329.186657
329.185336
329.184026
329.182784
329.181738
329.181015
329.180671
329.180643
329.180746
329.180714
329.180304
329.179383
329.177974
329.176213
329.174285
329.172383
329.170689
329.169346
329.168403
329.167782
329.167318
329.166879
329.166474
329.166267
329.166461
329.167133
329.168141
329.169146
329.169739
329.169609
329.168654
329.166978
329.164802
329.162349
329.159771
329.157144
329.154497
329.151834
329.149125
329.146313
329.143375
329.140427
329.137749
329.135669
329.134363
329.133729
329.133413
329.132966
329.132025
329.130423
329.128209
329.125589
329.122821
329.120097
329.117472
329.114856
329.112085
329.108999
329.105518
329.101708
329.097797
329.094107
329.090920
329.088340
329.086274
329.084513
329.082842
329.081080
329.079078
329.076726
329.073993
329.070949
329.067729
329.064458
329.061194
329.057933
329.054637
329.051279
329.047865
329.044443
329.041096
329.037922
329.035029
329.032533
329.030552
329.029175
329.028416
329.028194
329.028366
329.028783
329.029335
329.029960
329.030616
329.031266
329.031894
329.032540
329.033299
329.034256
329.035388
329.036529
329.037440
329.037946
329.038035
329.037851
329.037604
329.037461
329.037503
329.037710
329.037971
329.038115
329.037961
329.037390
329.036391
329.035074
329.033635
329.032280
329.031116
329.030083
329.028978
329.027580
329.025796
329.023716
329.021553
329.019521
329.017752
329.016288
329.015118
329.014196
329.013449
329.012788
329.012149
329.011523
329.010979
329.010640
329.010631
329.010991
329.011626
329.012334
329.012909
329.013230
329.013286
329.013123
329.012781
329.012277
329.011622
329.010853
329.010037
329.009246
329.008527
329.007877
329.007255
329.006617
329.005967
329.005369
329.004907
329.004633
329.004530
329.004532
329.004540
329.004438
329.004105
329.003457
329.002511
329.001410
329.000404
328.999773
328.999739
329.000369
329.001562
329.003123
329.004900
329.006887
329.009229
329.012126
329.015724
329.020045
329.020194
329.020752
329.021511
329.022197
329.022564
329.022472
329.021922
329.021029
329.019953
329.018825
329.017702
329.016546
329.015272
329.013810
329.012150
329.010346
329.008493
329.006703
329.005105
329.003807
329.002824
329.002013
329.001082
328.999701
328.997640
328.994870
328.991561
328.987983
328.984366
328.980809
328.977275
328.973704
328.970124
328.966680
328.963551
328.960826
328.958465
328.956356
328.954413
328.952627
328.951031
328.949633
328.948376
328.947168
328.945924
328.944558
328.942951
328.940922
328.938274
328.934893
328.930849
328.931010
328.931113
328.931395
328.931930
328.932587
328.933077
328.933084
328.932411
328.931071
328.929276
328.927347
328.925571
328.924095
328.922887
328.921763
328.920464
328.918777
328.916641
328.914176
328.911613
328.909180
328.907029
328.905220
328.903738
328.902494
328.901333
328.900079
328.898617
328.896968
328.895288
328.893780
328.892581
328.891692
328.890980
328.890255
328.889357
328.888203
328.886784
328.885138
328.883320
328.881382
328.879353
328.877240
328.875028
328.872696
328.870238
328.867706
328.865213
328.862889
328.860790
328.858833
328.856806
328.854490
328.851828
328.849007
328.846390
328.844343
328.843060
328.842507
328.842476
328.842678
328.842827
328.842706
328.842200
328.841318
328.840189
328.839031
328.838074
328.837468
328.837205
328.837103
328.836893
328.836373
328.835516
328.834484
328.833519
328.832814
328.832433
328.832319
328.832335
328.832310
328.832087
328.831552
328.830660
328.829460
328.828078
328.826682
328.825413
328.824323
328.823367
328.822444
328.821461
328.820383
328.819241
328.818122
328.817164
328.816527
328.816339
328.816624
328.817286
328.818162
328.819098
328.820000
328.820838
328.821624
328.822390
328.823174
328.824012
328.824940
328.825976
328.827089
328.828155
328.828971
328.829330
328.829111
328.828334
328.827157
328.825822
328.824579
328.823617
328.823006
328.822669
328.822409
328.821962
328.821090
328.819652
328.817673
328.815348
328.812973
328.810820
328.809000
328.807402
328.805735
328.803663
328.800954
328.797567
328.793668
328.789556
328.785569
328.781978
328.778918
328.776372
328.774189
328.772138
328.769996
328.767648
328.765136
328.762631
328.760313
328.758264
328.756423
328.754644
328.752770
328.750696
328.748381
328.745856
328.743229
328.740659
328.738300
328.736241
328.734500
328.733038
328.731778
328.730634
328.729550
328.728525
328.727573
328.726653
328.725635
328.724357
328.722741
328.720858
328.718873
328.716933
328.715102
328.713375
328.711725
328.710120
328.708489
328.706733
328.704803
328.702774
328.700839
328.699224
328.698068
328.697338
328.696808
328.696107
328.694859
328.692854
328.690158
328.687068
328.683946
328.681052
328.678461
328.676091
328.673760
328.671277
328.668511
328.665472
328.662351
328.659475
328.657194
328.655713
328.654969
328.654608
328.654098
328.652949
328.650925
328.648108
328.644814
328.641421
328.638233
328.635406
328.632931
328.630669
328.628428
328.626055
328.623499
328.620844
328.618292
328.616091
328.614434
328.613355
328.612686
328.612115
328.611324
328.610122
328.608493
328.606549
328.604426
328.602197
328.599833
328.597227
328.594248
328.590824
328.587000
328.582961
328.578999
328.575399
328.572323
328.569746
328.567500
328.565383
328.563257
328.561079
328.558883
328.556716
328.554600
328.552515
328.550433
328.548334
328.546198
328.543971
328.541564
328.538894
328.535983
328.533019
328.530305
328.528091
328.526426
328.525165
328.524121
328.523209
328.522469
328.521984
328.521794
328.521881
328.522192
328.522694
328.523384
328.524261
328.525269
328.526276
328.527118
328.527715
328.528159
328.528672
328.529441
328.530441
328.531431
328.532113
328.532344
328.532216
328.531964
328.531796
328.531774
328.531830
328.531843
328.531719
328.531401
328.530821
328.529859
328.528370
328.526275
328.523677
328.520880
328.518277
328.516150
328.514540
328.513278
328.512139
328.510972
328.509729
328.508404
328.506975
328.505401
328.503669
328.501819
328.499928
328.498050
328.496166
328.494170
328.491913
328.489305
328.486412
328.483460
328.480691
328.478203
328.475897
328.473565
328.471016
328.468175
328.465098
328.461949
328.458938
328.456257
328.454013
328.452174
328.450555
328.448901
328.446991
328.444710
328.442072
328.439195
328.436264
328.433458
328.430904
328.428651
328.426684
328.424933
328.423294
328.421656
328.419954
328.418200
328.416471
328.414842
328.413324
328.411840
328.410284
328.408591
328.406767
328.404876
328.402996
328.401184
328.399476
328.397911
328.396557
328.395492
328.394758
328.394320
328.394080
328.393932
328.393832
328.393822
328.393993
328.394409
328.395047
328.395798
328.396527
328.397151
328.397678
328.398180
328.398715
328.399269
328.399775
328.400194
328.400574
328.401015
328.401575
328.402189
328.402686
328.402899
328.402776
328.402412
328.401966
328.401543
328.401119
328.400572
328.399779
328.398703
328.397385
328.395869
328.394152
328.392212
328.390067
328.387821
328.385631
328.383619
328.381783
328.379987
328.378044
328.375853
328.373500
328.371235
328.369339
328.367951
328.366999
328.366281
328.365609
328.364892
328.364120
328.363309
328.362478
328.361652
328.360885
328.360253
328.359820
328.359592
328.359498
328.359418
328.359250
328.358994
328.358781
328.358794
328.359108
328.359592
328.359950
328.359866
328.359156
328.357839
328.356123
328.354325
328.352747
328.351562
328.350744
328.350070
328.349219
328.347925
328.346087
328.343800
328.341315
328.338967
328.337064
328.335764
328.334987
328.334442
328.333739
328.332546
328.330704
328.328273
328.325483
328.322631
328.319963
328.317576
328.315387
328.313162
328.310623
328.307574
328.304003
328.300113
328.296269
328.292852
328.290094
328.287952
328.286127
328.284215
328.281899
328.279069
328.275822
328.272379
328.268994
328.265872
328.263128
328.260761
328.258647
328.256563
328.254247
328.251498
328.248290
328.244834
328.241528
328.238780
328.236784
328.235404
328.234256
328.232923
328.231152
328.228951
328.226548
328.224269
328.222382
328.220997
328.220020
328.219195
328.218175
328.216627
328.214353
328.211402
328.208099
328.204934
328.202343
328.200499
328.199266
328.198310
328.197298
328.196049
328.194606
328.193195
328.192118
328.191615
328.191747
328.192375
328.193236
328.194060
328.194671
328.195006
328.195100
328.195048
328.194969
328.194958
328.195035
328.195098
328.194957
328.194429
328.193452
328.192147
328.190776
328.189629
328.188894
328.188561
328.188439
328.188243
328.187730
328.186775
328.185378
328.183634
328.181690
328.179710
328.177820
328.176053
328.174310
328.172380
328.170052
328.167249
328.164131
328.161065
328.158485
328.156696
328.155752
328.155461
328.155509
328.155613
328.155617
328.155505
328.155355
328.155271
328.155327
328.155550
328.155937
328.156458
328.157046
328.157597
328.158023
328.158321
328.158619
328.159123
328.160005
328.161294
328.162876
328.164576
328.166262
328.167896
328.169522
328.171203
328.172955
328.174702
328.176307
328.177639
328.178631
328.179260
328.179497
328.179281
328.178553
328.177310
328.175647
328.173764
328.171932
328.170391
328.169246
328.168429
328.167762
328.167073
328.166271
328.165339
328.164272
328.163052
328.161680
328.160215
328.158759
328.157369
328.155975
328.154375
328.152302
328.149568
328.146187
328.142420
328.138690
328.135396
328.132758
328.130791
328.129397
328.128452
328.127808
328.127259
328.126543
328.125433
328.123862
328.121985
328.120125
328.118602
328.117538
328.116737
328.115760
328.114157
328.111733
328.108651
328.105302
328.102065
328.099155
328.096628
328.094452
328.092545
328.090789
328.089033
328.087117
328.084950
328.082576
328.080177
328.077978
328.076096
328.074430
328.072681
328.070516
328.067778
328.064580
328.061232
328.058073
328.055335
328.053087
328.051259
328.049677
328.048123
328.046419
328.044492
328.042418
328.040402
328.038698
328.037492
328.036796
328.036403
328.035944
328.035021
328.033352
328.030843
328.027610
328.023952
328.020287
328.017013
328.014356
328.012279
328.010528
328.008789
328.006855
328.004716
328.002536
328.000528
327.998827
327.997424
327.996204
327.995029
327.993796
327.992435
327.990884
327.989078
327.986996
327.984695
327.982312
327.980014
327.977932
327.976132
327.974625
327.973412
327.972526
327.972020
327.971887
327.971986
327.972041
327.971739
327.970877
327.969438
327.967562
327.965448
327.963258
327.961068
327.958861
327.956523
327.953874
327.950744
327.947092
327.947372
327.947430
327.947469
327.947722
327.948373
327.949476
327.950931
327.952543
327.954093
327.955380
327.956251
327.956640
327.956618
327.956403
327.956298
327.956544
327.957190
327.958067
327.958910
327.959522
327.959869
327.960056
327.960235
327.960527
327.960968
327.961535
327.962199
327.962966
327.963859
327.964870
327.965940
327.966972
327.967877
327.968572
327.968969
327.968962
327.968465
327.967501
327.966264
327.965078
327.964252
327.963909
327.963906
327.963916
327.963603
327.962785
327.961514
327.960065
327.958836
327.958186
327.958297
327.959129
327.960439
327.961818
327.962776
327.962906
327.962118
327.960753
327.959476
327.958935
327.959413
327.960689
327.962197
327.963323
327.963664
327.963119
327.961856
327.960220
327.958617
327.957379
327.956670
327.956442
327.956451
327.956331
327.955718
327.954397
327.952399
327.949968
327.947419
327.944979
327.942695
327.940437
327.938013
327.935307
327.932369
327.929387
327.926593
327.924177
327.922245
327.920814
327.919837
327.919238
327.918965
327.919042
327.919568
327.920646
327.922270
327.924259
327.926294
327.928034
327.929250
327.929912
327.930208
327.930471
327.931030
327.932062
327.933518
327.935156
327.936644
327.937679
327.938096
327.937932
327.937444
327.937041
327.937123
327.937873
327.939125
327.940403
327.941110
327.940778
327.939280
327.936893
327.934191
327.931785
327.930063
327.929077
327.928610
327.928342
327.928025
327.927575
327.927059
327.926617
327.926399
327.926529
327.927095
327.928109
327.929450
327.930839
327.931918
327.932423
327.932327
327.931832
327.931223
327.930704
327.930316
327.929976
327.929588
327.929139
327.928725
327.928477
327.928482
327.928771
327.929367
327.930315
327.931650
327.933333
327.935223
327.937113
327.938813
327.940234
327.941427
327.942519
327.943593
327.944642
327.945641
327.946651
327.947831
327.949323
327.951125
327.953072
327.954938
327.956592
327.958060
327.959475
327.960946
327.962480
327.964015
327.965502
327.966934
327.968305
327.969560
327.970606
327.971370
327.971878
327.972267
327.972719
327.973369
327.974233
327.975231
327.976260
327.977278
327.978334
327.979537
327.980981
